<?xml version="1.0" encoding="UTF-8"?>
<!-- Generated by org.testng.reporters.JUnitXMLReporter -->
<testsuite ignored="0" hostname="Divyajas-Laptop.local" failures="0" tests="2" name="StandAloneTest2" time="0.098" errors="0" timestamp="2024-08-09T01:31:20 PDT">
  <testcase classname="divgroup.tests.StandAloneTest2" name="StandAlone" time="0.0">
    <skipped/>
  </testcase> <!-- StandAlone -->
  <testcase classname="divgroup.tests.StandAloneTest2" name="OrderHistoryTest" time="0.0">
    <skipped/>
  </testcase> <!-- OrderHistoryTest -->
</testsuite> <!-- StandAloneTest2 -->
